[2017-10-05T00:00:57,311][INFO ][o.e.n.Node               ] [hFpbkdN] stopping ...
[2017-10-05T00:01:01,958][INFO ][o.e.n.Node               ] [hFpbkdN] stopped
[2017-10-05T00:01:01,959][INFO ][o.e.n.Node               ] [hFpbkdN] closing ...
[2017-10-05T00:01:02,272][INFO ][o.e.n.Node               ] [hFpbkdN] closed
[2017-10-05T10:33:20,712][INFO ][o.e.n.Node               ] [] initializing ...
[2017-10-05T10:33:21,156][INFO ][o.e.e.NodeEnvironment    ] [hFpbkdN] using [1] data paths, mounts [[/home/brutus729 (/home/brutus729/.Private)]], net usable_space [419.1gb], net total_space [452.6gb], spins? [possibly], types [ecryptfs]
[2017-10-05T10:33:21,157][INFO ][o.e.e.NodeEnvironment    ] [hFpbkdN] heap size [1.9gb], compressed ordinary object pointers [true]
[2017-10-05T10:33:21,195][INFO ][o.e.n.Node               ] node name [hFpbkdN] derived from node ID [hFpbkdNVT02qXFbcvROOQg]; set [node.name] to override
[2017-10-05T10:33:21,196][INFO ][o.e.n.Node               ] version[5.4.1], pid[3377], build[2cfe0df/2017-05-29T16:05:51.443Z], OS[Linux/4.8.0-59-generic/amd64], JVM[Oracle Corporation/OpenJDK 64-Bit Server VM/1.8.0_131/25.131-b11]
[2017-10-05T10:33:21,196][INFO ][o.e.n.Node               ] JVM arguments [-Xms2g, -Xmx2g, -XX:+UseConcMarkSweepGC, -XX:CMSInitiatingOccupancyFraction=75, -XX:+UseCMSInitiatingOccupancyOnly, -XX:+DisableExplicitGC, -XX:+AlwaysPreTouch, -Xss1m, -Djava.awt.headless=true, -Dfile.encoding=UTF-8, -Djna.nosys=true, -Djdk.io.permissionsUseCanonicalPath=true, -Dio.netty.noUnsafe=true, -Dio.netty.noKeySetOptimization=true, -Dio.netty.recycler.maxCapacityPerThread=0, -Dlog4j.shutdownHookEnabled=false, -Dlog4j2.disable.jmx=true, -Dlog4j.skipJansi=true, -XX:+HeapDumpOnOutOfMemoryError, -Des.path.home=/home/brutus729/Documents/FIB/CAIM/LAB/session1ESZipfHeaps/elasticsearch-5.4.1]
[2017-10-05T10:33:23,142][INFO ][o.e.p.PluginsService     ] [hFpbkdN] loaded module [aggs-matrix-stats]
[2017-10-05T10:33:23,142][INFO ][o.e.p.PluginsService     ] [hFpbkdN] loaded module [ingest-common]
[2017-10-05T10:33:23,143][INFO ][o.e.p.PluginsService     ] [hFpbkdN] loaded module [lang-expression]
[2017-10-05T10:33:23,143][INFO ][o.e.p.PluginsService     ] [hFpbkdN] loaded module [lang-groovy]
[2017-10-05T10:33:23,143][INFO ][o.e.p.PluginsService     ] [hFpbkdN] loaded module [lang-mustache]
[2017-10-05T10:33:23,143][INFO ][o.e.p.PluginsService     ] [hFpbkdN] loaded module [lang-painless]
[2017-10-05T10:33:23,143][INFO ][o.e.p.PluginsService     ] [hFpbkdN] loaded module [percolator]
[2017-10-05T10:33:23,144][INFO ][o.e.p.PluginsService     ] [hFpbkdN] loaded module [reindex]
[2017-10-05T10:33:23,144][INFO ][o.e.p.PluginsService     ] [hFpbkdN] loaded module [transport-netty3]
[2017-10-05T10:33:23,144][INFO ][o.e.p.PluginsService     ] [hFpbkdN] loaded module [transport-netty4]
[2017-10-05T10:33:23,145][INFO ][o.e.p.PluginsService     ] [hFpbkdN] no plugins loaded
[2017-10-05T10:33:26,984][INFO ][o.e.d.DiscoveryModule    ] [hFpbkdN] using discovery type [zen]
[2017-10-05T10:33:27,881][INFO ][o.e.n.Node               ] initialized
[2017-10-05T10:33:27,881][INFO ][o.e.n.Node               ] [hFpbkdN] starting ...
[2017-10-05T10:33:28,189][INFO ][o.e.t.TransportService   ] [hFpbkdN] publish_address {127.0.0.1:9300}, bound_addresses {[::1]:9300}, {127.0.0.1:9300}
[2017-10-05T10:33:28,201][WARN ][o.e.b.BootstrapChecks    ] [hFpbkdN] max virtual memory areas vm.max_map_count [65530] is too low, increase to at least [262144]
[2017-10-05T10:33:31,330][INFO ][o.e.c.s.ClusterService   ] [hFpbkdN] new_master {hFpbkdN}{hFpbkdNVT02qXFbcvROOQg}{xFCU9dJGSpiiHi5Qv5GiGg}{127.0.0.1}{127.0.0.1:9300}, reason: zen-disco-elected-as-master ([0] nodes joined)
[2017-10-05T10:33:31,425][INFO ][o.e.h.n.Netty4HttpServerTransport] [hFpbkdN] publish_address {127.0.0.1:9200}, bound_addresses {[::1]:9200}, {127.0.0.1:9200}
[2017-10-05T10:33:31,429][INFO ][o.e.n.Node               ] [hFpbkdN] started
[2017-10-05T10:33:32,005][INFO ][o.e.g.GatewayService     ] [hFpbkdN] recovered [2] indices into cluster_state
[2017-10-05T10:33:38,290][INFO ][o.e.c.r.a.AllocationService] [hFpbkdN] Cluster health status changed from [RED] to [YELLOW] (reason: [shards started [[news][4]] ...]).
[2017-10-05T11:28:30,606][INFO ][o.e.m.j.JvmGcMonitorService] [hFpbkdN] [gc][3301] overhead, spent [295ms] collecting in the last [1s]
[2017-10-05T11:29:01,693][WARN ][o.e.m.j.JvmGcMonitorService] [hFpbkdN] [gc][young][3327][6] duration [5s], collections [1]/[5.9s], total [5s]/[5.6s], memory [519.8mb]->[283.1mb]/[1.9gb], all_pools {[young] [247.3mb]->[868.7kb]/[266.2mb]}{[survivor] [33.2mb]->[17mb]/[33.2mb]}{[old] [239.2mb]->[265.4mb]/[1.6gb]}
[2017-10-05T11:29:01,818][WARN ][o.e.m.j.JvmGcMonitorService] [hFpbkdN] [gc][3327] overhead, spent [5s] collecting in the last [5.9s]
[2017-10-05T11:57:35,252][INFO ][o.e.m.j.JvmGcMonitorService] [hFpbkdN] [gc][young][5029][8] duration [723ms], collections [1]/[1.3s], total [723ms]/[6.4s], memory [545.5mb]->[310.3mb]/[1.9gb], all_pools {[young] [243.7mb]->[139.4kb]/[266.2mb]}{[survivor] [33.2mb]->[33.2mb]/[33.2mb]}{[old] [268.4mb]->[277mb]/[1.6gb]}
[2017-10-05T11:57:35,455][WARN ][o.e.m.j.JvmGcMonitorService] [hFpbkdN] [gc][5029] overhead, spent [723ms] collecting in the last [1.3s]
[2017-10-05T11:57:44,837][INFO ][o.e.m.j.JvmGcMonitorService] [hFpbkdN] [gc][young][5038][9] duration [998ms], collections [1]/[1.3s], total [998ms]/[7.4s], memory [547.3mb]->[312.1mb]/[1.9gb], all_pools {[young] [237.1mb]->[3.2mb]/[266.2mb]}{[survivor] [33.2mb]->[11.8mb]/[33.2mb]}{[old] [277mb]->[297.1mb]/[1.6gb]}
[2017-10-05T11:57:44,838][WARN ][o.e.m.j.JvmGcMonitorService] [hFpbkdN] [gc][5038] overhead, spent [998ms] collecting in the last [1.3s]
[2017-10-05T12:18:45,898][WARN ][o.e.m.j.JvmGcMonitorService] [hFpbkdN] [gc][young][6298][15] duration [1s], collections [1]/[1.6s], total [1s]/[8.7s], memory [555mb]->[336.2mb]/[1.9gb], all_pools {[young] [228.3mb]->[1.2mb]/[266.2mb]}{[survivor] [26.1mb]->[15.3mb]/[33.2mb]}{[old] [300.5mb]->[319.7mb]/[1.6gb]}
[2017-10-05T12:18:45,925][WARN ][o.e.m.j.JvmGcMonitorService] [hFpbkdN] [gc][6298] overhead, spent [1s] collecting in the last [1.6s]
[2017-10-05T12:21:48,845][WARN ][o.e.m.j.JvmGcMonitorService] [hFpbkdN] [gc][young][6480][18] duration [1.6s], collections [1]/[1.8s], total [1.6s]/[10.4s], memory [603.4mb]->[351.1mb]/[1.9gb], all_pools {[young] [255.8mb]->[1.2mb]/[266.2mb]}{[survivor] [26.7mb]->[9.8mb]/[33.2mb]}{[old] [320.9mb]->[340mb]/[1.6gb]}
[2017-10-05T12:21:48,846][WARN ][o.e.m.j.JvmGcMonitorService] [hFpbkdN] [gc][6480] overhead, spent [1.6s] collecting in the last [1.8s]
[2017-10-05T12:25:55,599][WARN ][o.e.m.j.JvmGcMonitorService] [hFpbkdN] [gc][young][6726][21] duration [1s], collections [1]/[1.6s], total [1s]/[11.6s], memory [606.3mb]->[371mb]/[1.9gb], all_pools {[young] [238.2mb]->[1.4mb]/[266.2mb]}{[survivor] [26.8mb]->[9.1mb]/[33.2mb]}{[old] [341.2mb]->[360.4mb]/[1.6gb]}
[2017-10-05T12:25:55,678][WARN ][o.e.m.j.JvmGcMonitorService] [hFpbkdN] [gc][6726] overhead, spent [1s] collecting in the last [1.6s]
[2017-10-05T12:29:36,484][WARN ][o.e.m.j.JvmGcMonitorService] [hFpbkdN] [gc][young][6945][24] duration [2.4s], collections [1]/[2.7s], total [2.4s]/[14.1s], memory [657.6mb]->[392.5mb]/[1.9gb], all_pools {[young] [265mb]->[1.2mb]/[266.2mb]}{[survivor] [30.9mb]->[10.2mb]/[33.2mb]}{[old] [361.5mb]->[380.9mb]/[1.6gb]}
[2017-10-05T12:29:36,544][WARN ][o.e.m.j.JvmGcMonitorService] [hFpbkdN] [gc][6945] overhead, spent [2.4s] collecting in the last [2.7s]
[2017-10-05T12:31:18,582][INFO ][o.e.m.j.JvmGcMonitorService] [hFpbkdN] [gc][7047] overhead, spent [433ms] collecting in the last [1s]
[2017-10-05T12:31:27,585][INFO ][o.e.m.j.JvmGcMonitorService] [hFpbkdN] [gc][young][7056][27] duration [778ms], collections [1]/[1s], total [778ms]/[15.3s], memory [677.3mb]->[414.6mb]/[1.9gb], all_pools {[young] [255.1mb]->[3.6mb]/[266.2mb]}{[survivor] [33.2mb]->[9.4mb]/[33.2mb]}{[old] [388.9mb]->[401.5mb]/[1.6gb]}
[2017-10-05T12:31:27,585][WARN ][o.e.m.j.JvmGcMonitorService] [hFpbkdN] [gc][7056] overhead, spent [778ms] collecting in the last [1s]
[2017-10-05T12:57:07,161][WARN ][o.e.m.j.JvmGcMonitorService] [hFpbkdN] [gc][young][8594][33] duration [1.4s], collections [1]/[2s], total [1.4s]/[17.1s], memory [686.1mb]->[430.4mb]/[1.9gb], all_pools {[young] [255.3mb]->[18.1kb]/[266.2mb]}{[survivor] [25.8mb]->[6.1mb]/[33.2mb]}{[old] [405mb]->[424.3mb]/[1.6gb]}
[2017-10-05T12:57:07,256][WARN ][o.e.m.j.JvmGcMonitorService] [hFpbkdN] [gc][8594] overhead, spent [1.4s] collecting in the last [2s]
[2017-10-05T13:00:48,534][INFO ][o.e.m.j.JvmGcMonitorService] [hFpbkdN] [gc][8814] overhead, spent [364ms] collecting in the last [1s]
[2017-10-05T13:18:19,036][INFO ][o.e.n.Node               ] [hFpbkdN] stopping ...
[2017-10-05T13:18:22,582][INFO ][o.e.n.Node               ] [hFpbkdN] stopped
[2017-10-05T13:18:22,582][INFO ][o.e.n.Node               ] [hFpbkdN] closing ...
[2017-10-05T13:18:23,163][INFO ][o.e.n.Node               ] [hFpbkdN] closed
[2017-10-05T15:01:46,191][INFO ][o.e.n.Node               ] [] initializing ...
[2017-10-05T15:01:46,667][INFO ][o.e.e.NodeEnvironment    ] [hFpbkdN] using [1] data paths, mounts [[/home/brutus729 (/home/brutus729/.Private)]], net usable_space [418.8gb], net total_space [452.6gb], spins? [possibly], types [ecryptfs]
[2017-10-05T15:01:46,667][INFO ][o.e.e.NodeEnvironment    ] [hFpbkdN] heap size [1.9gb], compressed ordinary object pointers [true]
[2017-10-05T15:01:46,709][INFO ][o.e.n.Node               ] node name [hFpbkdN] derived from node ID [hFpbkdNVT02qXFbcvROOQg]; set [node.name] to override
[2017-10-05T15:01:46,709][INFO ][o.e.n.Node               ] version[5.4.1], pid[2776], build[2cfe0df/2017-05-29T16:05:51.443Z], OS[Linux/4.8.0-59-generic/amd64], JVM[Oracle Corporation/OpenJDK 64-Bit Server VM/1.8.0_131/25.131-b11]
[2017-10-05T15:01:46,709][INFO ][o.e.n.Node               ] JVM arguments [-Xms2g, -Xmx2g, -XX:+UseConcMarkSweepGC, -XX:CMSInitiatingOccupancyFraction=75, -XX:+UseCMSInitiatingOccupancyOnly, -XX:+DisableExplicitGC, -XX:+AlwaysPreTouch, -Xss1m, -Djava.awt.headless=true, -Dfile.encoding=UTF-8, -Djna.nosys=true, -Djdk.io.permissionsUseCanonicalPath=true, -Dio.netty.noUnsafe=true, -Dio.netty.noKeySetOptimization=true, -Dio.netty.recycler.maxCapacityPerThread=0, -Dlog4j.shutdownHookEnabled=false, -Dlog4j2.disable.jmx=true, -Dlog4j.skipJansi=true, -XX:+HeapDumpOnOutOfMemoryError, -Des.path.home=/home/brutus729/Documents/FIB/CAIM/LAB/session1ESZipfHeaps/elasticsearch-5.4.1]
[2017-10-05T15:01:48,687][INFO ][o.e.p.PluginsService     ] [hFpbkdN] loaded module [aggs-matrix-stats]
[2017-10-05T15:01:48,687][INFO ][o.e.p.PluginsService     ] [hFpbkdN] loaded module [ingest-common]
[2017-10-05T15:01:48,687][INFO ][o.e.p.PluginsService     ] [hFpbkdN] loaded module [lang-expression]
[2017-10-05T15:01:48,687][INFO ][o.e.p.PluginsService     ] [hFpbkdN] loaded module [lang-groovy]
[2017-10-05T15:01:48,687][INFO ][o.e.p.PluginsService     ] [hFpbkdN] loaded module [lang-mustache]
[2017-10-05T15:01:48,687][INFO ][o.e.p.PluginsService     ] [hFpbkdN] loaded module [lang-painless]
[2017-10-05T15:01:48,688][INFO ][o.e.p.PluginsService     ] [hFpbkdN] loaded module [percolator]
[2017-10-05T15:01:48,688][INFO ][o.e.p.PluginsService     ] [hFpbkdN] loaded module [reindex]
[2017-10-05T15:01:48,688][INFO ][o.e.p.PluginsService     ] [hFpbkdN] loaded module [transport-netty3]
[2017-10-05T15:01:48,688][INFO ][o.e.p.PluginsService     ] [hFpbkdN] loaded module [transport-netty4]
[2017-10-05T15:01:48,689][INFO ][o.e.p.PluginsService     ] [hFpbkdN] no plugins loaded
[2017-10-05T15:01:57,110][INFO ][o.e.d.DiscoveryModule    ] [hFpbkdN] using discovery type [zen]
[2017-10-05T15:01:58,076][INFO ][o.e.n.Node               ] initialized
[2017-10-05T15:01:58,077][INFO ][o.e.n.Node               ] [hFpbkdN] starting ...
[2017-10-05T15:01:58,567][INFO ][o.e.t.TransportService   ] [hFpbkdN] publish_address {127.0.0.1:9300}, bound_addresses {[::1]:9300}, {127.0.0.1:9300}
[2017-10-05T15:01:58,581][WARN ][o.e.b.BootstrapChecks    ] [hFpbkdN] max virtual memory areas vm.max_map_count [65530] is too low, increase to at least [262144]
[2017-10-05T15:02:01,801][INFO ][o.e.c.s.ClusterService   ] [hFpbkdN] new_master {hFpbkdN}{hFpbkdNVT02qXFbcvROOQg}{xNhmUyrFRPuS8_8_qEyk4w}{127.0.0.1}{127.0.0.1:9300}, reason: zen-disco-elected-as-master ([0] nodes joined)
[2017-10-05T15:02:02,068][INFO ][o.e.h.n.Netty4HttpServerTransport] [hFpbkdN] publish_address {127.0.0.1:9200}, bound_addresses {[::1]:9200}, {127.0.0.1:9200}
[2017-10-05T15:02:02,073][INFO ][o.e.n.Node               ] [hFpbkdN] started
[2017-10-05T15:02:02,633][INFO ][o.e.g.GatewayService     ] [hFpbkdN] recovered [2] indices into cluster_state
[2017-10-05T15:02:08,207][INFO ][o.e.c.r.a.AllocationService] [hFpbkdN] Cluster health status changed from [RED] to [YELLOW] (reason: [shards started [[news][2]] ...]).
[2017-10-05T15:06:46,816][INFO ][o.e.m.j.JvmGcMonitorService] [hFpbkdN] [gc][276] overhead, spent [506ms] collecting in the last [1.1s]
[2017-10-05T15:07:11,637][INFO ][o.e.m.j.JvmGcMonitorService] [hFpbkdN] [gc][young][299][5] duration [765ms], collections [1]/[1.6s], total [765ms]/[1.4s], memory [436mb]->[206.4mb]/[1.9gb], all_pools {[young] [253.2mb]->[1.4mb]/[266.2mb]}{[survivor] [33.2mb]->[31.9mb]/[33.2mb]}{[old] [149.5mb]->[173.3mb]/[1.6gb]}
[2017-10-05T15:07:11,638][INFO ][o.e.m.j.JvmGcMonitorService] [hFpbkdN] [gc][299] overhead, spent [765ms] collecting in the last [1.6s]
[2017-10-05T15:17:47,866][INFO ][o.e.m.j.JvmGcMonitorService] [hFpbkdN] [gc][931] overhead, spent [579ms] collecting in the last [1.4s]
[2017-10-05T15:24:58,303][INFO ][o.e.n.Node               ] [hFpbkdN] stopping ...
[2017-10-05T15:24:59,083][INFO ][o.e.n.Node               ] [hFpbkdN] stopped
[2017-10-05T15:24:59,084][INFO ][o.e.n.Node               ] [hFpbkdN] closing ...
[2017-10-05T15:24:59,294][INFO ][o.e.n.Node               ] [hFpbkdN] closed
[2017-10-05T15:37:48,485][INFO ][o.e.n.Node               ] [] initializing ...
[2017-10-05T15:37:48,979][INFO ][o.e.e.NodeEnvironment    ] [hFpbkdN] using [1] data paths, mounts [[/home/brutus729 (/home/brutus729/.Private)]], net usable_space [418.5gb], net total_space [452.6gb], spins? [possibly], types [ecryptfs]
[2017-10-05T15:37:48,980][INFO ][o.e.e.NodeEnvironment    ] [hFpbkdN] heap size [1.9gb], compressed ordinary object pointers [true]
[2017-10-05T15:37:49,019][INFO ][o.e.n.Node               ] node name [hFpbkdN] derived from node ID [hFpbkdNVT02qXFbcvROOQg]; set [node.name] to override
[2017-10-05T15:37:49,019][INFO ][o.e.n.Node               ] version[5.4.1], pid[3974], build[2cfe0df/2017-05-29T16:05:51.443Z], OS[Linux/4.8.0-59-generic/amd64], JVM[Oracle Corporation/OpenJDK 64-Bit Server VM/1.8.0_131/25.131-b11]
[2017-10-05T15:37:49,019][INFO ][o.e.n.Node               ] JVM arguments [-Xms2g, -Xmx2g, -XX:+UseConcMarkSweepGC, -XX:CMSInitiatingOccupancyFraction=75, -XX:+UseCMSInitiatingOccupancyOnly, -XX:+DisableExplicitGC, -XX:+AlwaysPreTouch, -Xss1m, -Djava.awt.headless=true, -Dfile.encoding=UTF-8, -Djna.nosys=true, -Djdk.io.permissionsUseCanonicalPath=true, -Dio.netty.noUnsafe=true, -Dio.netty.noKeySetOptimization=true, -Dio.netty.recycler.maxCapacityPerThread=0, -Dlog4j.shutdownHookEnabled=false, -Dlog4j2.disable.jmx=true, -Dlog4j.skipJansi=true, -XX:+HeapDumpOnOutOfMemoryError, -Des.path.home=/home/brutus729/Documents/FIB/CAIM/LAB/session1ESZipfHeaps/elasticsearch-5.4.1]
[2017-10-05T15:37:50,889][INFO ][o.e.p.PluginsService     ] [hFpbkdN] loaded module [aggs-matrix-stats]
[2017-10-05T15:37:50,889][INFO ][o.e.p.PluginsService     ] [hFpbkdN] loaded module [ingest-common]
[2017-10-05T15:37:50,889][INFO ][o.e.p.PluginsService     ] [hFpbkdN] loaded module [lang-expression]
[2017-10-05T15:37:50,890][INFO ][o.e.p.PluginsService     ] [hFpbkdN] loaded module [lang-groovy]
[2017-10-05T15:37:50,890][INFO ][o.e.p.PluginsService     ] [hFpbkdN] loaded module [lang-mustache]
[2017-10-05T15:37:50,890][INFO ][o.e.p.PluginsService     ] [hFpbkdN] loaded module [lang-painless]
[2017-10-05T15:37:50,890][INFO ][o.e.p.PluginsService     ] [hFpbkdN] loaded module [percolator]
[2017-10-05T15:37:50,890][INFO ][o.e.p.PluginsService     ] [hFpbkdN] loaded module [reindex]
[2017-10-05T15:37:50,891][INFO ][o.e.p.PluginsService     ] [hFpbkdN] loaded module [transport-netty3]
[2017-10-05T15:37:50,891][INFO ][o.e.p.PluginsService     ] [hFpbkdN] loaded module [transport-netty4]
[2017-10-05T15:37:50,893][INFO ][o.e.p.PluginsService     ] [hFpbkdN] no plugins loaded
[2017-10-05T15:37:54,842][INFO ][o.e.d.DiscoveryModule    ] [hFpbkdN] using discovery type [zen]
[2017-10-05T15:37:55,698][INFO ][o.e.n.Node               ] initialized
[2017-10-05T15:37:55,698][INFO ][o.e.n.Node               ] [hFpbkdN] starting ...
[2017-10-05T15:37:56,101][INFO ][o.e.t.TransportService   ] [hFpbkdN] publish_address {127.0.0.1:9300}, bound_addresses {[::1]:9300}, {127.0.0.1:9300}
[2017-10-05T15:37:56,113][WARN ][o.e.b.BootstrapChecks    ] [hFpbkdN] max virtual memory areas vm.max_map_count [65530] is too low, increase to at least [262144]
[2017-10-05T15:37:59,245][INFO ][o.e.c.s.ClusterService   ] [hFpbkdN] new_master {hFpbkdN}{hFpbkdNVT02qXFbcvROOQg}{vaDHtkPsR867dbNA5Zju1Q}{127.0.0.1}{127.0.0.1:9300}, reason: zen-disco-elected-as-master ([0] nodes joined)
[2017-10-05T15:37:59,346][INFO ][o.e.h.n.Netty4HttpServerTransport] [hFpbkdN] publish_address {127.0.0.1:9200}, bound_addresses {[::1]:9200}, {127.0.0.1:9200}
[2017-10-05T15:37:59,349][INFO ][o.e.n.Node               ] [hFpbkdN] started
[2017-10-05T15:37:59,837][INFO ][o.e.g.GatewayService     ] [hFpbkdN] recovered [2] indices into cluster_state
[2017-10-05T15:38:04,452][INFO ][o.e.c.r.a.AllocationService] [hFpbkdN] Cluster health status changed from [RED] to [YELLOW] (reason: [shards started [[news][4]] ...]).
[2017-10-05T15:55:01,257][INFO ][o.e.n.Node               ] [] initializing ...
[2017-10-05T15:55:01,623][INFO ][o.e.e.NodeEnvironment    ] [hFpbkdN] using [1] data paths, mounts [[/home/brutus729 (/home/brutus729/.Private)]], net usable_space [418.5gb], net total_space [452.6gb], spins? [possibly], types [ecryptfs]
[2017-10-05T15:55:01,624][INFO ][o.e.e.NodeEnvironment    ] [hFpbkdN] heap size [1.9gb], compressed ordinary object pointers [true]
[2017-10-05T15:55:01,664][INFO ][o.e.n.Node               ] node name [hFpbkdN] derived from node ID [hFpbkdNVT02qXFbcvROOQg]; set [node.name] to override
[2017-10-05T15:55:01,664][INFO ][o.e.n.Node               ] version[5.4.1], pid[2404], build[2cfe0df/2017-05-29T16:05:51.443Z], OS[Linux/4.8.0-59-generic/amd64], JVM[Oracle Corporation/OpenJDK 64-Bit Server VM/1.8.0_131/25.131-b11]
[2017-10-05T15:55:01,664][INFO ][o.e.n.Node               ] JVM arguments [-Xms2g, -Xmx2g, -XX:+UseConcMarkSweepGC, -XX:CMSInitiatingOccupancyFraction=75, -XX:+UseCMSInitiatingOccupancyOnly, -XX:+DisableExplicitGC, -XX:+AlwaysPreTouch, -Xss1m, -Djava.awt.headless=true, -Dfile.encoding=UTF-8, -Djna.nosys=true, -Djdk.io.permissionsUseCanonicalPath=true, -Dio.netty.noUnsafe=true, -Dio.netty.noKeySetOptimization=true, -Dio.netty.recycler.maxCapacityPerThread=0, -Dlog4j.shutdownHookEnabled=false, -Dlog4j2.disable.jmx=true, -Dlog4j.skipJansi=true, -XX:+HeapDumpOnOutOfMemoryError, -Des.path.home=/home/brutus729/Documents/FIB/CAIM/LAB/session1ESZipfHeaps/elasticsearch-5.4.1]
[2017-10-05T15:55:03,522][INFO ][o.e.p.PluginsService     ] [hFpbkdN] loaded module [aggs-matrix-stats]
[2017-10-05T15:55:03,522][INFO ][o.e.p.PluginsService     ] [hFpbkdN] loaded module [ingest-common]
[2017-10-05T15:55:03,523][INFO ][o.e.p.PluginsService     ] [hFpbkdN] loaded module [lang-expression]
[2017-10-05T15:55:03,523][INFO ][o.e.p.PluginsService     ] [hFpbkdN] loaded module [lang-groovy]
[2017-10-05T15:55:03,523][INFO ][o.e.p.PluginsService     ] [hFpbkdN] loaded module [lang-mustache]
[2017-10-05T15:55:03,523][INFO ][o.e.p.PluginsService     ] [hFpbkdN] loaded module [lang-painless]
[2017-10-05T15:55:03,523][INFO ][o.e.p.PluginsService     ] [hFpbkdN] loaded module [percolator]
[2017-10-05T15:55:03,524][INFO ][o.e.p.PluginsService     ] [hFpbkdN] loaded module [reindex]
[2017-10-05T15:55:03,525][INFO ][o.e.p.PluginsService     ] [hFpbkdN] loaded module [transport-netty3]
[2017-10-05T15:55:03,525][INFO ][o.e.p.PluginsService     ] [hFpbkdN] loaded module [transport-netty4]
[2017-10-05T15:55:03,526][INFO ][o.e.p.PluginsService     ] [hFpbkdN] no plugins loaded
[2017-10-05T15:55:07,406][INFO ][o.e.d.DiscoveryModule    ] [hFpbkdN] using discovery type [zen]
[2017-10-05T15:55:08,413][INFO ][o.e.n.Node               ] initialized
[2017-10-05T15:55:08,413][INFO ][o.e.n.Node               ] [hFpbkdN] starting ...
[2017-10-05T15:55:08,788][INFO ][o.e.t.TransportService   ] [hFpbkdN] publish_address {127.0.0.1:9300}, bound_addresses {[::1]:9300}, {127.0.0.1:9300}
[2017-10-05T15:55:08,798][WARN ][o.e.b.BootstrapChecks    ] [hFpbkdN] max virtual memory areas vm.max_map_count [65530] is too low, increase to at least [262144]
[2017-10-05T15:55:11,988][INFO ][o.e.c.s.ClusterService   ] [hFpbkdN] new_master {hFpbkdN}{hFpbkdNVT02qXFbcvROOQg}{OiK31nv_RhKT3fIsQz83IA}{127.0.0.1}{127.0.0.1:9300}, reason: zen-disco-elected-as-master ([0] nodes joined)
[2017-10-05T15:55:12,102][INFO ][o.e.h.n.Netty4HttpServerTransport] [hFpbkdN] publish_address {127.0.0.1:9200}, bound_addresses {[::1]:9200}, {127.0.0.1:9200}
[2017-10-05T15:55:12,106][INFO ][o.e.n.Node               ] [hFpbkdN] started
[2017-10-05T15:55:12,558][INFO ][o.e.g.GatewayService     ] [hFpbkdN] recovered [2] indices into cluster_state
[2017-10-05T15:55:19,204][INFO ][o.e.c.r.a.AllocationService] [hFpbkdN] Cluster health status changed from [RED] to [YELLOW] (reason: [shards started [[news][4], [news][3]] ...]).
