[2017-10-04T20:34:39,070][INFO ][o.e.n.Node               ] [] initializing ...
[2017-10-04T20:34:39,475][INFO ][o.e.e.NodeEnvironment    ] [hFpbkdN] using [1] data paths, mounts [[/home/brutus729 (/home/brutus729/.Private)]], net usable_space [419.2gb], net total_space [452.6gb], spins? [possibly], types [ecryptfs]
[2017-10-04T20:34:39,476][INFO ][o.e.e.NodeEnvironment    ] [hFpbkdN] heap size [1.9gb], compressed ordinary object pointers [true]
[2017-10-04T20:34:39,479][INFO ][o.e.n.Node               ] node name [hFpbkdN] derived from node ID [hFpbkdNVT02qXFbcvROOQg]; set [node.name] to override
[2017-10-04T20:34:39,480][INFO ][o.e.n.Node               ] version[5.4.1], pid[2459], build[2cfe0df/2017-05-29T16:05:51.443Z], OS[Linux/4.8.0-59-generic/amd64], JVM[Oracle Corporation/OpenJDK 64-Bit Server VM/1.8.0_131/25.131-b11]
[2017-10-04T20:34:39,480][INFO ][o.e.n.Node               ] JVM arguments [-Xms2g, -Xmx2g, -XX:+UseConcMarkSweepGC, -XX:CMSInitiatingOccupancyFraction=75, -XX:+UseCMSInitiatingOccupancyOnly, -XX:+DisableExplicitGC, -XX:+AlwaysPreTouch, -Xss1m, -Djava.awt.headless=true, -Dfile.encoding=UTF-8, -Djna.nosys=true, -Djdk.io.permissionsUseCanonicalPath=true, -Dio.netty.noUnsafe=true, -Dio.netty.noKeySetOptimization=true, -Dio.netty.recycler.maxCapacityPerThread=0, -Dlog4j.shutdownHookEnabled=false, -Dlog4j2.disable.jmx=true, -Dlog4j.skipJansi=true, -XX:+HeapDumpOnOutOfMemoryError, -Des.path.home=/home/brutus729/Documents/FIB/CAIM/LAB/session1ESZipfHeaps/elasticsearch-5.4.1]
[2017-10-04T20:34:41,427][INFO ][o.e.p.PluginsService     ] [hFpbkdN] loaded module [aggs-matrix-stats]
[2017-10-04T20:34:41,427][INFO ][o.e.p.PluginsService     ] [hFpbkdN] loaded module [ingest-common]
[2017-10-04T20:34:41,427][INFO ][o.e.p.PluginsService     ] [hFpbkdN] loaded module [lang-expression]
[2017-10-04T20:34:41,427][INFO ][o.e.p.PluginsService     ] [hFpbkdN] loaded module [lang-groovy]
[2017-10-04T20:34:41,428][INFO ][o.e.p.PluginsService     ] [hFpbkdN] loaded module [lang-mustache]
[2017-10-04T20:34:41,428][INFO ][o.e.p.PluginsService     ] [hFpbkdN] loaded module [lang-painless]
[2017-10-04T20:34:41,428][INFO ][o.e.p.PluginsService     ] [hFpbkdN] loaded module [percolator]
[2017-10-04T20:34:41,428][INFO ][o.e.p.PluginsService     ] [hFpbkdN] loaded module [reindex]
[2017-10-04T20:34:41,428][INFO ][o.e.p.PluginsService     ] [hFpbkdN] loaded module [transport-netty3]
[2017-10-04T20:34:41,429][INFO ][o.e.p.PluginsService     ] [hFpbkdN] loaded module [transport-netty4]
[2017-10-04T20:34:41,430][INFO ][o.e.p.PluginsService     ] [hFpbkdN] no plugins loaded
[2017-10-04T20:34:45,569][INFO ][o.e.d.DiscoveryModule    ] [hFpbkdN] using discovery type [zen]
[2017-10-04T20:34:46,290][INFO ][o.e.n.Node               ] initialized
[2017-10-04T20:34:46,290][INFO ][o.e.n.Node               ] [hFpbkdN] starting ...
[2017-10-04T20:34:46,674][INFO ][o.e.t.TransportService   ] [hFpbkdN] publish_address {127.0.0.1:9300}, bound_addresses {[::1]:9300}, {127.0.0.1:9300}
[2017-10-04T20:34:46,684][WARN ][o.e.b.BootstrapChecks    ] [hFpbkdN] max virtual memory areas vm.max_map_count [65530] is too low, increase to at least [262144]
[2017-10-04T20:34:49,814][INFO ][o.e.c.s.ClusterService   ] [hFpbkdN] new_master {hFpbkdN}{hFpbkdNVT02qXFbcvROOQg}{GQBtoIffSHq4ozKV6sTw7Q}{127.0.0.1}{127.0.0.1:9300}, reason: zen-disco-elected-as-master ([0] nodes joined)
[2017-10-04T20:34:49,908][INFO ][o.e.h.n.Netty4HttpServerTransport] [hFpbkdN] publish_address {127.0.0.1:9200}, bound_addresses {[::1]:9200}, {127.0.0.1:9200}
[2017-10-04T20:34:50,012][INFO ][o.e.n.Node               ] [hFpbkdN] started
[2017-10-04T20:34:50,021][INFO ][o.e.g.GatewayService     ] [hFpbkdN] recovered [0] indices into cluster_state
[2017-10-04T20:41:23,672][INFO ][o.e.n.Node               ] [hFpbkdN] stopping ...
[2017-10-04T20:41:23,745][INFO ][o.e.n.Node               ] [hFpbkdN] stopped
[2017-10-04T20:41:23,746][INFO ][o.e.n.Node               ] [hFpbkdN] closing ...
[2017-10-04T20:41:23,787][INFO ][o.e.n.Node               ] [hFpbkdN] closed
[2017-10-04T20:41:43,457][ERROR][o.e.b.Bootstrap          ] Exception
java.lang.RuntimeException: can not run elasticsearch as root
	at org.elasticsearch.bootstrap.Bootstrap.initializeNatives(Bootstrap.java:106) ~[elasticsearch-5.4.1.jar:5.4.1]
	at org.elasticsearch.bootstrap.Bootstrap.setup(Bootstrap.java:194) ~[elasticsearch-5.4.1.jar:5.4.1]
	at org.elasticsearch.bootstrap.Bootstrap.init(Bootstrap.java:350) [elasticsearch-5.4.1.jar:5.4.1]
	at org.elasticsearch.bootstrap.Elasticsearch.init(Elasticsearch.java:123) [elasticsearch-5.4.1.jar:5.4.1]
	at org.elasticsearch.bootstrap.Elasticsearch.execute(Elasticsearch.java:114) [elasticsearch-5.4.1.jar:5.4.1]
	at org.elasticsearch.cli.EnvironmentAwareCommand.execute(EnvironmentAwareCommand.java:67) [elasticsearch-5.4.1.jar:5.4.1]
	at org.elasticsearch.cli.Command.mainWithoutErrorHandling(Command.java:122) [elasticsearch-5.4.1.jar:5.4.1]
	at org.elasticsearch.cli.Command.main(Command.java:88) [elasticsearch-5.4.1.jar:5.4.1]
	at org.elasticsearch.bootstrap.Elasticsearch.main(Elasticsearch.java:91) [elasticsearch-5.4.1.jar:5.4.1]
	at org.elasticsearch.bootstrap.Elasticsearch.main(Elasticsearch.java:84) [elasticsearch-5.4.1.jar:5.4.1]
[2017-10-04T20:41:43,486][WARN ][o.e.b.ElasticsearchUncaughtExceptionHandler] [] uncaught exception in thread [main]
org.elasticsearch.bootstrap.StartupException: java.lang.RuntimeException: can not run elasticsearch as root
	at org.elasticsearch.bootstrap.Elasticsearch.init(Elasticsearch.java:127) ~[elasticsearch-5.4.1.jar:5.4.1]
	at org.elasticsearch.bootstrap.Elasticsearch.execute(Elasticsearch.java:114) ~[elasticsearch-5.4.1.jar:5.4.1]
	at org.elasticsearch.cli.EnvironmentAwareCommand.execute(EnvironmentAwareCommand.java:67) ~[elasticsearch-5.4.1.jar:5.4.1]
	at org.elasticsearch.cli.Command.mainWithoutErrorHandling(Command.java:122) ~[elasticsearch-5.4.1.jar:5.4.1]
	at org.elasticsearch.cli.Command.main(Command.java:88) ~[elasticsearch-5.4.1.jar:5.4.1]
	at org.elasticsearch.bootstrap.Elasticsearch.main(Elasticsearch.java:91) ~[elasticsearch-5.4.1.jar:5.4.1]
	at org.elasticsearch.bootstrap.Elasticsearch.main(Elasticsearch.java:84) ~[elasticsearch-5.4.1.jar:5.4.1]
Caused by: java.lang.RuntimeException: can not run elasticsearch as root
	at org.elasticsearch.bootstrap.Bootstrap.initializeNatives(Bootstrap.java:106) ~[elasticsearch-5.4.1.jar:5.4.1]
	at org.elasticsearch.bootstrap.Bootstrap.setup(Bootstrap.java:194) ~[elasticsearch-5.4.1.jar:5.4.1]
	at org.elasticsearch.bootstrap.Bootstrap.init(Bootstrap.java:350) ~[elasticsearch-5.4.1.jar:5.4.1]
	at org.elasticsearch.bootstrap.Elasticsearch.init(Elasticsearch.java:123) ~[elasticsearch-5.4.1.jar:5.4.1]
	... 6 more
[2017-10-04T20:42:26,043][ERROR][o.e.b.Bootstrap          ] Exception
java.lang.RuntimeException: can not run elasticsearch as root
	at org.elasticsearch.bootstrap.Bootstrap.initializeNatives(Bootstrap.java:106) ~[elasticsearch-5.4.1.jar:5.4.1]
	at org.elasticsearch.bootstrap.Bootstrap.setup(Bootstrap.java:194) ~[elasticsearch-5.4.1.jar:5.4.1]
	at org.elasticsearch.bootstrap.Bootstrap.init(Bootstrap.java:350) [elasticsearch-5.4.1.jar:5.4.1]
	at org.elasticsearch.bootstrap.Elasticsearch.init(Elasticsearch.java:123) [elasticsearch-5.4.1.jar:5.4.1]
	at org.elasticsearch.bootstrap.Elasticsearch.execute(Elasticsearch.java:114) [elasticsearch-5.4.1.jar:5.4.1]
	at org.elasticsearch.cli.EnvironmentAwareCommand.execute(EnvironmentAwareCommand.java:67) [elasticsearch-5.4.1.jar:5.4.1]
	at org.elasticsearch.cli.Command.mainWithoutErrorHandling(Command.java:122) [elasticsearch-5.4.1.jar:5.4.1]
	at org.elasticsearch.cli.Command.main(Command.java:88) [elasticsearch-5.4.1.jar:5.4.1]
	at org.elasticsearch.bootstrap.Elasticsearch.main(Elasticsearch.java:91) [elasticsearch-5.4.1.jar:5.4.1]
	at org.elasticsearch.bootstrap.Elasticsearch.main(Elasticsearch.java:84) [elasticsearch-5.4.1.jar:5.4.1]
[2017-10-04T20:42:26,054][WARN ][o.e.b.ElasticsearchUncaughtExceptionHandler] [] uncaught exception in thread [main]
org.elasticsearch.bootstrap.StartupException: java.lang.RuntimeException: can not run elasticsearch as root
	at org.elasticsearch.bootstrap.Elasticsearch.init(Elasticsearch.java:127) ~[elasticsearch-5.4.1.jar:5.4.1]
	at org.elasticsearch.bootstrap.Elasticsearch.execute(Elasticsearch.java:114) ~[elasticsearch-5.4.1.jar:5.4.1]
	at org.elasticsearch.cli.EnvironmentAwareCommand.execute(EnvironmentAwareCommand.java:67) ~[elasticsearch-5.4.1.jar:5.4.1]
	at org.elasticsearch.cli.Command.mainWithoutErrorHandling(Command.java:122) ~[elasticsearch-5.4.1.jar:5.4.1]
	at org.elasticsearch.cli.Command.main(Command.java:88) ~[elasticsearch-5.4.1.jar:5.4.1]
	at org.elasticsearch.bootstrap.Elasticsearch.main(Elasticsearch.java:91) ~[elasticsearch-5.4.1.jar:5.4.1]
	at org.elasticsearch.bootstrap.Elasticsearch.main(Elasticsearch.java:84) ~[elasticsearch-5.4.1.jar:5.4.1]
Caused by: java.lang.RuntimeException: can not run elasticsearch as root
	at org.elasticsearch.bootstrap.Bootstrap.initializeNatives(Bootstrap.java:106) ~[elasticsearch-5.4.1.jar:5.4.1]
	at org.elasticsearch.bootstrap.Bootstrap.setup(Bootstrap.java:194) ~[elasticsearch-5.4.1.jar:5.4.1]
	at org.elasticsearch.bootstrap.Bootstrap.init(Bootstrap.java:350) ~[elasticsearch-5.4.1.jar:5.4.1]
	at org.elasticsearch.bootstrap.Elasticsearch.init(Elasticsearch.java:123) ~[elasticsearch-5.4.1.jar:5.4.1]
	... 6 more
[2017-10-04T20:42:46,355][INFO ][o.e.n.Node               ] [] initializing ...
[2017-10-04T20:42:46,714][INFO ][o.e.e.NodeEnvironment    ] [hFpbkdN] using [1] data paths, mounts [[/home/brutus729 (/home/brutus729/.Private)]], net usable_space [419.2gb], net total_space [452.6gb], spins? [possibly], types [ecryptfs]
[2017-10-04T20:42:46,715][INFO ][o.e.e.NodeEnvironment    ] [hFpbkdN] heap size [1.9gb], compressed ordinary object pointers [true]
[2017-10-04T20:42:46,717][INFO ][o.e.n.Node               ] node name [hFpbkdN] derived from node ID [hFpbkdNVT02qXFbcvROOQg]; set [node.name] to override
[2017-10-04T20:42:46,718][INFO ][o.e.n.Node               ] version[5.4.1], pid[2813], build[2cfe0df/2017-05-29T16:05:51.443Z], OS[Linux/4.8.0-59-generic/amd64], JVM[Oracle Corporation/OpenJDK 64-Bit Server VM/1.8.0_131/25.131-b11]
[2017-10-04T20:42:46,718][INFO ][o.e.n.Node               ] JVM arguments [-Xms2g, -Xmx2g, -XX:+UseConcMarkSweepGC, -XX:CMSInitiatingOccupancyFraction=75, -XX:+UseCMSInitiatingOccupancyOnly, -XX:+DisableExplicitGC, -XX:+AlwaysPreTouch, -Xss1m, -Djava.awt.headless=true, -Dfile.encoding=UTF-8, -Djna.nosys=true, -Djdk.io.permissionsUseCanonicalPath=true, -Dio.netty.noUnsafe=true, -Dio.netty.noKeySetOptimization=true, -Dio.netty.recycler.maxCapacityPerThread=0, -Dlog4j.shutdownHookEnabled=false, -Dlog4j2.disable.jmx=true, -Dlog4j.skipJansi=true, -XX:+HeapDumpOnOutOfMemoryError, -Des.path.home=/home/brutus729/Documents/FIB/CAIM/LAB/session1ESZipfHeaps/elasticsearch-5.4.1]
[2017-10-04T20:42:48,476][INFO ][o.e.p.PluginsService     ] [hFpbkdN] loaded module [aggs-matrix-stats]
[2017-10-04T20:42:48,476][INFO ][o.e.p.PluginsService     ] [hFpbkdN] loaded module [ingest-common]
[2017-10-04T20:42:48,476][INFO ][o.e.p.PluginsService     ] [hFpbkdN] loaded module [lang-expression]
[2017-10-04T20:42:48,476][INFO ][o.e.p.PluginsService     ] [hFpbkdN] loaded module [lang-groovy]
[2017-10-04T20:42:48,477][INFO ][o.e.p.PluginsService     ] [hFpbkdN] loaded module [lang-mustache]
[2017-10-04T20:42:48,477][INFO ][o.e.p.PluginsService     ] [hFpbkdN] loaded module [lang-painless]
[2017-10-04T20:42:48,477][INFO ][o.e.p.PluginsService     ] [hFpbkdN] loaded module [percolator]
[2017-10-04T20:42:48,477][INFO ][o.e.p.PluginsService     ] [hFpbkdN] loaded module [reindex]
[2017-10-04T20:42:48,477][INFO ][o.e.p.PluginsService     ] [hFpbkdN] loaded module [transport-netty3]
[2017-10-04T20:42:48,477][INFO ][o.e.p.PluginsService     ] [hFpbkdN] loaded module [transport-netty4]
[2017-10-04T20:42:48,478][INFO ][o.e.p.PluginsService     ] [hFpbkdN] no plugins loaded
[2017-10-04T20:42:50,337][INFO ][o.e.d.DiscoveryModule    ] [hFpbkdN] using discovery type [zen]
[2017-10-04T20:42:51,299][INFO ][o.e.n.Node               ] initialized
[2017-10-04T20:42:51,299][INFO ][o.e.n.Node               ] [hFpbkdN] starting ...
[2017-10-04T20:42:51,570][INFO ][o.e.t.TransportService   ] [hFpbkdN] publish_address {127.0.0.1:9300}, bound_addresses {[::1]:9300}, {127.0.0.1:9300}
[2017-10-04T20:42:51,590][WARN ][o.e.b.BootstrapChecks    ] [hFpbkdN] max virtual memory areas vm.max_map_count [65530] is too low, increase to at least [262144]
[2017-10-04T20:42:54,700][INFO ][o.e.c.s.ClusterService   ] [hFpbkdN] new_master {hFpbkdN}{hFpbkdNVT02qXFbcvROOQg}{kjfCxtpGQbKSPete5z2wXQ}{127.0.0.1}{127.0.0.1:9300}, reason: zen-disco-elected-as-master ([0] nodes joined)
[2017-10-04T20:42:54,758][INFO ][o.e.h.n.Netty4HttpServerTransport] [hFpbkdN] publish_address {127.0.0.1:9200}, bound_addresses {[::1]:9200}, {127.0.0.1:9200}
[2017-10-04T20:42:54,762][INFO ][o.e.n.Node               ] [hFpbkdN] started
[2017-10-04T20:42:54,825][INFO ][o.e.g.GatewayService     ] [hFpbkdN] recovered [0] indices into cluster_state
[2017-10-04T20:49:04,629][INFO ][o.e.c.m.MetaDataCreateIndexService] [hFpbkdN] [news] creating index, cause [api], templates [], shards [5]/[1], mappings []
[2017-10-04T20:49:08,046][INFO ][o.e.c.m.MetaDataMappingService] [hFpbkdN] [news/HtwCHFlgSQu9wNC1jqUsvw] create_mapping [document]
[2017-10-04T20:50:42,415][INFO ][o.e.c.m.MetaDataCreateIndexService] [hFpbkdN] [novels] creating index, cause [api], templates [], shards [5]/[1], mappings []
[2017-10-04T20:50:44,599][INFO ][o.e.c.m.MetaDataMappingService] [hFpbkdN] [novels/D927vEkCS0-o4T0vu7f8OQ] create_mapping [document]
[2017-10-04T21:29:58,351][WARN ][o.e.m.j.JvmGcMonitorService] [hFpbkdN] [gc][young][2800][15] duration [4.5s], collections [1]/[5.2s], total [4.5s]/[4.9s], memory [441.2mb]->[238.7mb]/[1.9gb], all_pools {[young] [257.2mb]->[1.3mb]/[266.2mb]}{[survivor] [33.2mb]->[25.5mb]/[33.2mb]}{[old] [150.7mb]->[212.6mb]/[1.6gb]}
[2017-10-04T21:29:58,805][WARN ][o.e.m.j.JvmGcMonitorService] [hFpbkdN] [gc][2800] overhead, spent [4.5s] collecting in the last [5.2s]
[2017-10-04T21:30:04,263][WARN ][o.e.m.j.JvmGcMonitorService] [hFpbkdN] [gc][2805] overhead, spent [707ms] collecting in the last [1.3s]
[2017-10-04T21:37:11,479][WARN ][o.e.m.j.JvmGcMonitorService] [hFpbkdN] [gc][young][3230][19] duration [2.9s], collections [1]/[3s], total [2.9s]/[8.6s], memory [491.6mb]->[275.1mb]/[1.9gb], all_pools {[young] [266mb]->[440.3kb]/[266.2mb]}{[survivor] [13mb]->[30.2mb]/[33.2mb]}{[old] [212.6mb]->[244.6mb]/[1.6gb]}
[2017-10-04T21:37:11,479][WARN ][o.e.m.j.JvmGcMonitorService] [hFpbkdN] [gc][3230] overhead, spent [2.9s] collecting in the last [3s]
[2017-10-04T21:53:18,665][WARN ][o.e.m.j.JvmGcMonitorService] [hFpbkdN] [gc][young][4189][20] duration [8.1s], collections [1]/[8.8s], total [8.1s]/[16.7s], memory [519.6mb]->[344.3mb]/[1.9gb], all_pools {[young] [244.7mb]->[2.5mb]/[266.2mb]}{[survivor] [30.2mb]->[33.2mb]/[33.2mb]}{[old] [244.6mb]->[308.5mb]/[1.6gb]}
[2017-10-04T21:53:18,821][WARN ][o.e.m.j.JvmGcMonitorService] [hFpbkdN] [gc][4189] overhead, spent [8.1s] collecting in the last [8.8s]
[2017-10-04T21:54:07,900][WARN ][o.e.m.j.JvmGcMonitorService] [hFpbkdN] [gc][4238] overhead, spent [684ms] collecting in the last [1s]
[2017-10-04T21:54:22,523][WARN ][o.e.m.j.JvmGcMonitorService] [hFpbkdN] [gc][young][4251][22] duration [2.1s], collections [1]/[2.5s], total [2.1s]/[19.6s], memory [609.5mb]->[367.3mb]/[1.9gb], all_pools {[young] [258.9mb]->[43.8kb]/[266.2mb]}{[survivor] [33.2mb]->[22.7mb]/[33.2mb]}{[old] [317.3mb]->[344.6mb]/[1.6gb]}
[2017-10-04T21:54:22,629][WARN ][o.e.m.j.JvmGcMonitorService] [hFpbkdN] [gc][4251] overhead, spent [2.1s] collecting in the last [2.5s]
[2017-10-04T22:47:58,756][INFO ][o.e.n.Node               ] [hFpbkdN] stopping ...
[2017-10-04T22:48:01,885][INFO ][o.e.n.Node               ] [hFpbkdN] stopped
[2017-10-04T22:48:01,886][INFO ][o.e.n.Node               ] [hFpbkdN] closing ...
[2017-10-04T22:48:02,534][INFO ][o.e.n.Node               ] [hFpbkdN] closed
[2017-10-04T22:57:28,734][INFO ][o.e.n.Node               ] [] initializing ...
[2017-10-04T22:57:29,142][INFO ][o.e.e.NodeEnvironment    ] [hFpbkdN] using [1] data paths, mounts [[/home/brutus729 (/home/brutus729/.Private)]], net usable_space [419gb], net total_space [452.6gb], spins? [possibly], types [ecryptfs]
[2017-10-04T22:57:29,143][INFO ][o.e.e.NodeEnvironment    ] [hFpbkdN] heap size [1.9gb], compressed ordinary object pointers [true]
[2017-10-04T22:57:29,179][INFO ][o.e.n.Node               ] node name [hFpbkdN] derived from node ID [hFpbkdNVT02qXFbcvROOQg]; set [node.name] to override
[2017-10-04T22:57:29,180][INFO ][o.e.n.Node               ] version[5.4.1], pid[2306], build[2cfe0df/2017-05-29T16:05:51.443Z], OS[Linux/4.8.0-59-generic/amd64], JVM[Oracle Corporation/OpenJDK 64-Bit Server VM/1.8.0_131/25.131-b11]
[2017-10-04T22:57:29,180][INFO ][o.e.n.Node               ] JVM arguments [-Xms2g, -Xmx2g, -XX:+UseConcMarkSweepGC, -XX:CMSInitiatingOccupancyFraction=75, -XX:+UseCMSInitiatingOccupancyOnly, -XX:+DisableExplicitGC, -XX:+AlwaysPreTouch, -Xss1m, -Djava.awt.headless=true, -Dfile.encoding=UTF-8, -Djna.nosys=true, -Djdk.io.permissionsUseCanonicalPath=true, -Dio.netty.noUnsafe=true, -Dio.netty.noKeySetOptimization=true, -Dio.netty.recycler.maxCapacityPerThread=0, -Dlog4j.shutdownHookEnabled=false, -Dlog4j2.disable.jmx=true, -Dlog4j.skipJansi=true, -XX:+HeapDumpOnOutOfMemoryError, -Des.path.home=/home/brutus729/Documents/FIB/CAIM/LAB/session1ESZipfHeaps/elasticsearch-5.4.1]
[2017-10-04T22:57:31,166][INFO ][o.e.p.PluginsService     ] [hFpbkdN] loaded module [aggs-matrix-stats]
[2017-10-04T22:57:31,166][INFO ][o.e.p.PluginsService     ] [hFpbkdN] loaded module [ingest-common]
[2017-10-04T22:57:31,166][INFO ][o.e.p.PluginsService     ] [hFpbkdN] loaded module [lang-expression]
[2017-10-04T22:57:31,167][INFO ][o.e.p.PluginsService     ] [hFpbkdN] loaded module [lang-groovy]
[2017-10-04T22:57:31,167][INFO ][o.e.p.PluginsService     ] [hFpbkdN] loaded module [lang-mustache]
[2017-10-04T22:57:31,167][INFO ][o.e.p.PluginsService     ] [hFpbkdN] loaded module [lang-painless]
[2017-10-04T22:57:31,168][INFO ][o.e.p.PluginsService     ] [hFpbkdN] loaded module [percolator]
[2017-10-04T22:57:31,168][INFO ][o.e.p.PluginsService     ] [hFpbkdN] loaded module [reindex]
[2017-10-04T22:57:31,169][INFO ][o.e.p.PluginsService     ] [hFpbkdN] loaded module [transport-netty3]
[2017-10-04T22:57:31,174][INFO ][o.e.p.PluginsService     ] [hFpbkdN] loaded module [transport-netty4]
[2017-10-04T22:57:31,178][INFO ][o.e.p.PluginsService     ] [hFpbkdN] no plugins loaded
[2017-10-04T22:57:35,079][INFO ][o.e.d.DiscoveryModule    ] [hFpbkdN] using discovery type [zen]
[2017-10-04T22:57:36,059][INFO ][o.e.n.Node               ] initialized
[2017-10-04T22:57:36,060][INFO ][o.e.n.Node               ] [hFpbkdN] starting ...
[2017-10-04T22:57:36,411][INFO ][o.e.t.TransportService   ] [hFpbkdN] publish_address {127.0.0.1:9300}, bound_addresses {[::1]:9300}, {127.0.0.1:9300}
[2017-10-04T22:57:36,422][WARN ][o.e.b.BootstrapChecks    ] [hFpbkdN] max virtual memory areas vm.max_map_count [65530] is too low, increase to at least [262144]
[2017-10-04T22:57:39,545][INFO ][o.e.c.s.ClusterService   ] [hFpbkdN] new_master {hFpbkdN}{hFpbkdNVT02qXFbcvROOQg}{rIkfDfBkTWCdNLhQTxJKTQ}{127.0.0.1}{127.0.0.1:9300}, reason: zen-disco-elected-as-master ([0] nodes joined)
[2017-10-04T22:57:39,633][INFO ][o.e.h.n.Netty4HttpServerTransport] [hFpbkdN] publish_address {127.0.0.1:9200}, bound_addresses {[::1]:9200}, {127.0.0.1:9200}
[2017-10-04T22:57:39,636][INFO ][o.e.n.Node               ] [hFpbkdN] started
[2017-10-04T22:57:40,041][INFO ][o.e.g.GatewayService     ] [hFpbkdN] recovered [2] indices into cluster_state
[2017-10-04T22:57:44,197][INFO ][o.e.c.r.a.AllocationService] [hFpbkdN] Cluster health status changed from [RED] to [YELLOW] (reason: [shards started [[news][0]] ...]).
